<?xml version="1.0" encoding="UTF-8"?>
<!-- Generated by org.testng.reporters.JUnitReportReporter -->
<testsuite hostname="Dell-PC" failures="0" tests="1" name="com.test.testng.MyTest" time="0.013" errors="0" timestamp="2022-02-16T00:42:10 IST" skipped="0">
  <testcase classname="com.test.testng.MyTest" name="f" time="0.013"/>
  <system-out/>
</testsuite> <!-- com.test.testng.MyTest -->
